  [4;36;1mSQL (23.9ms)[0m   [0;1mSET NAMES 'utf8'[0m
  [4;35;1mSQL (0.2ms)[0m   [0mSET SQL_AUTO_IS_NULL=0[0m
  [4;36;1mSQL (27.4ms)[0m   [0;1mSHOW TABLES[0m
  [4;35;1mSQL (270.0ms)[0m   [0mSELECT version FROM schema_migrations[0m
Migrating to CreateProducts (20130817081834)
  [4;36;1mSQL (387.0ms)[0m   [0;1mCREATE TABLE `products` (`id` int(11) DEFAULT NULL auto_increment PRIMARY KEY, `name` varchar(255), `created_at` datetime, `updated_at` datetime) ENGINE=InnoDB[0m
  [4;35;1mSQL (149.9ms)[0m   [0mINSERT INTO schema_migrations (version) VALUES ('20130817081834')[0m
  [4;36;1mSQL (0.3ms)[0m   [0;1mSHOW TABLES[0m
  [4;35;1mSQL (0.1ms)[0m   [0mSELECT version FROM schema_migrations[0m
  [4;36;1mSQL (0.1ms)[0m   [0;1mSHOW TABLES[0m
  [4;35;1mSQL (148.7ms)[0m   [0mSHOW FIELDS FROM `comments`[0m
  [4;36;1mSQL (0.7ms)[0m   [0;1mdescribe `comments`[0m
  [4;35;1mSQL (32.1ms)[0m   [0mSHOW KEYS FROM `comments`[0m
  [4;36;1mSQL (28.7ms)[0m   [0;1mSHOW FIELDS FROM `posts`[0m
  [4;35;1mSQL (0.6ms)[0m   [0mdescribe `posts`[0m
  [4;36;1mSQL (1.0ms)[0m   [0;1mSHOW KEYS FROM `posts`[0m
  [4;35;1mSQL (0.6ms)[0m   [0mSHOW FIELDS FROM `products`[0m
  [4;36;1mSQL (0.5ms)[0m   [0;1mdescribe `products`[0m
  [4;35;1mSQL (0.3ms)[0m   [0mSHOW KEYS FROM `products`[0m
  [4;36;1mSQL (0.1ms)[0m   [0;1mSET NAMES 'utf8'[0m
  [4;35;1mSQL (0.1ms)[0m   [0mSET SQL_AUTO_IS_NULL=0[0m


Processing ProductsController#index (for 127.0.0.1 at 2013-08-17 13:56:48) [GET]
  [4;36;1mProduct Load (50.0ms)[0m   [0;1mSELECT * FROM `products` [0m
Rendering template within layouts/products
Rendering products/index
Completed in 63ms (View: 10, DB: 50) | 200 OK [http://localhost/products]
  [4;35;1mSQL (0.1ms)[0m   [0mSET NAMES 'utf8'[0m
  [4;36;1mSQL (0.2ms)[0m   [0;1mSET SQL_AUTO_IS_NULL=0[0m


Processing ProductsController#new (for 127.0.0.1 at 2013-08-17 13:56:52) [GET]
  [4;35;1mProduct Columns (1.2ms)[0m   [0mSHOW FIELDS FROM `products`[0m
Rendering template within layouts/products
Rendering products/new
Completed in 25ms (View: 19, DB: 1) | 200 OK [http://localhost/products/new]
  [4;36;1mSQL (0.1ms)[0m   [0;1mSET NAMES 'utf8'[0m
  [4;35;1mSQL (0.1ms)[0m   [0mSET SQL_AUTO_IS_NULL=0[0m


Processing ProductsController#create (for 127.0.0.1 at 2013-08-17 13:56:59) [POST]
  Parameters: {"commit"=>"Create", "product"=>{"name"=>"samsung"}, "authenticity_token"=>"SvNyfZeAkov0BZhCY0KY1AwDkJJ6xxHpoCitKeCsSAk="}
  [4;36;1mProduct Columns (33.5ms)[0m   [0;1mSHOW FIELDS FROM `products`[0m
  [4;35;1mSQL (0.2ms)[0m   [0mBEGIN[0m
  [4;36;1mProduct Create (23.5ms)[0m   [0;1mINSERT INTO `products` (`name`, `created_at`, `updated_at`) VALUES('samsung', '2013-08-17 08:26:59', '2013-08-17 08:26:59')[0m
  [4;35;1mSQL (94.1ms)[0m   [0mCOMMIT[0m
Redirected to http://localhost:3000/products/1
Completed in 159ms (DB: 151) | 302 Found [http://localhost/products]
  [4;36;1mSQL (0.1ms)[0m   [0;1mSET NAMES 'utf8'[0m
  [4;35;1mSQL (0.1ms)[0m   [0mSET SQL_AUTO_IS_NULL=0[0m


Processing ProductsController#show (for 127.0.0.1 at 2013-08-17 13:56:59) [GET]
  Parameters: {"id"=>"1"}
  [4;36;1mProduct Columns (1.7ms)[0m   [0;1mSHOW FIELDS FROM `products`[0m
  [4;35;1mProduct Load (28.7ms)[0m   [0mSELECT * FROM `products` WHERE (`products`.`id` = 1) [0m
Rendering template within layouts/products
Rendering products/show
Completed in 45ms (View: 7, DB: 31) | 200 OK [http://localhost/products/1]
